# JRE version: OpenJDK Runtime Environment (8.0_242-b08) (build 1.8.0_242-b08)
# Java VM: OpenJDK 64-Bit Server VM (25.242-b08 mixed mode bsd-amd64 compressed oops)
Heap:
 PSYoungGen      total 931328K, used 348593K [0x00000006eab00000, 0x000000072d280000, 0x00000007c0000000)
  eden space 812544K, 41% used [0x00000006eab00000,0x00000006ff3047c0,0x000000071c480000)
  from space 118784K, 10% used [0x0000000725e80000,0x0000000726ae7f80,0x000000072d280000)
  to   space 138240K, 0% used [0x000000071c480000,0x000000071c480000,0x0000000724b80000)
 ParOldGen       total 288768K, used 127464K [0x0000000540000000, 0x0000000551a00000, 0x00000006eab00000)
  object space 288768K, 44% used [0x0000000540000000,0x0000000547c7a250,0x0000000551a00000)
 Metaspace       used 42881K, capacity 43524K, committed 44032K, reserved 1087488K
  class space    used 5608K, capacity 5854K, committed 5888K, reserved 1048576K
GC Heap History (10 events):
Event: 16.018 GC heap before
{Heap before GC invocations=10 (full 1):
 PSYoungGen      total 503808K, used 503794K [0x00000006eab00000, 0x0000000715980000, 0x00000007c0000000)
  eden space 412160K, 100% used [0x00000006eab00000,0x0000000703d80000,0x0000000703d80000)
  from space 91648K, 99% used [0x000000070ac00000,0x000000071057cad8,0x0000000710580000)
  to   space 113152K, 0% used [0x0000000703d80000,0x0000000703d80000,0x000000070ac00000)
 ParOldGen       total 196096K, used 43401K [0x0000000540000000, 0x000000054bf80000, 0x00000006eab00000)
  object space 196096K, 22% used [0x0000000540000000,0x0000000542a62788,0x000000054bf80000)
 Metaspace       used 30128K, capacity 30698K, committed 30976K, reserved 1077248K
  class space    used 3576K, capacity 3763K, committed 3840K, reserved 1048576K
Event: 16.096 GC heap after
Heap after GC invocations=10 (full 1):
 PSYoungGen      total 525312K, used 83919K [0x00000006eab00000, 0x000000071d900000, 0x00000007c0000000)
  eden space 412160K, 0% used [0x00000006eab00000,0x00000006eab00000,0x0000000703d80000)
  from space 113152K, 74% used [0x0000000703d80000,0x0000000708f73f80,0x000000070ac00000)
  to   space 123392K, 0% used [0x0000000716080000,0x0000000716080000,0x000000071d900000)
 ParOldGen       total 196096K, used 43409K [0x0000000540000000, 0x000000054bf80000, 0x00000006eab00000)
  object space 196096K, 22% used [0x0000000540000000,0x0000000542a64788,0x000000054bf80000)
 Metaspace       used 30128K, capacity 30698K, committed 30976K, reserved 1077248K
  class space    used 3576K, capacity 3763K, committed 3840K, reserved 1048576K
}
Event: 17.060 GC heap before
{Heap before GC invocations=11 (full 1):
 PSYoungGen      total 525312K, used 496079K [0x00000006eab00000, 0x000000071d900000, 0x00000007c0000000)
  eden space 412160K, 100% used [0x00000006eab00000,0x0000000703d80000,0x0000000703d80000)
  from space 113152K, 74% used [0x0000000703d80000,0x0000000708f73f80,0x000000070ac00000)
  to   space 123392K, 0% used [0x0000000716080000,0x0000000716080000,0x000000071d900000)
 ParOldGen       total 196096K, used 43409K [0x0000000540000000, 0x000000054bf80000, 0x00000006eab00000)
  object space 196096K, 22% used [0x0000000540000000,0x0000000542a64788,0x000000054bf80000)
 Metaspace       used 31908K, capacity 32482K, committed 32640K, reserved 1077248K
  class space    used 3765K, capacity 3925K, committed 3968K, reserved 1048576K
Event: 17.150 GC heap after
Heap after GC invocations=11 (full 1):
 PSYoungGen      total 697856K, used 98541K [0x00000006eab00000, 0x000000071fa00000, 0x00000007c0000000)
  eden space 574464K, 0% used [0x00000006eab00000,0x00000006eab00000,0x000000070dc00000)
  from space 123392K, 79% used [0x0000000716080000,0x000000071c0bb720,0x000000071d900000)
  to   space 135680K, 0% used [0x000000070dc00000,0x000000070dc00000,0x0000000716080000)
 ParOldGen       total 196096K, used 44227K [0x0000000540000000, 0x000000054bf80000, 0x00000006eab00000)
  object space 196096K, 22% used [0x0000000540000000,0x0000000542b30eb8,0x000000054bf80000)
 Metaspace       used 31908K, capacity 32482K, committed 32640K, reserved 1077248K
  class space    used 3765K, capacity 3925K, committed 3968K, reserved 1048576K
}
Event: 18.424 GC heap before
{Heap before GC invocations=12 (full 1):
 PSYoungGen      total 697856K, used 445760K [0x00000006eab00000, 0x000000071fa00000, 0x00000007c0000000)
  eden space 574464K, 60% used [0x00000006eab00000,0x00000006ffe14b78,0x000000070dc00000)
  from space 123392K, 79% used [0x0000000716080000,0x000000071c0bb720,0x000000071d900000)
  to   space 135680K, 0% used [0x000000070dc00000,0x000000070dc00000,0x0000000716080000)
 ParOldGen       total 196096K, used 44227K [0x0000000540000000, 0x000000054bf80000, 0x00000006eab00000)
  object space 196096K, 22% used [0x0000000540000000,0x0000000542b30eb8,0x000000054bf80000)
 Metaspace       used 34725K, capacity 35288K, committed 35496K, reserved 1081344K
  class space    used 4156K, capacity 4348K, committed 4352K, reserved 1048576K
Event: 18.496 GC heap after
Heap after GC invocations=12 (full 1):
 PSYoungGen      total 710144K, used 84139K [0x00000006eab00000, 0x000000072e780000, 0x00000007c0000000)
  eden space 574464K, 0% used [0x00000006eab00000,0x00000006eab00000,0x000000070dc00000)
  from space 135680K, 62% used [0x000000070dc00000,0x0000000712e2ad20,0x0000000716080000)
  to   space 140288K, 0% used [0x0000000725e80000,0x0000000725e80000,0x000000072e780000)
 ParOldGen       total 196096K, used 64325K [0x0000000540000000, 0x000000054bf80000, 0x00000006eab00000)
  object space 196096K, 32% used [0x0000000540000000,0x0000000543ed1640,0x000000054bf80000)
 Metaspace       used 34725K, capacity 35288K, committed 35496K, reserved 1081344K
  class space    used 4156K, capacity 4348K, committed 4352K, reserved 1048576K
}
Event: 18.496 GC heap before
{Heap before GC invocations=13 (full 2):
 PSYoungGen      total 710144K, used 84139K [0x00000006eab00000, 0x000000072e780000, 0x00000007c0000000)
  eden space 574464K, 0% used [0x00000006eab00000,0x00000006eab00000,0x000000070dc00000)
  from space 135680K, 62% used [0x000000070dc00000,0x0000000712e2ad20,0x0000000716080000)
  to   space 140288K, 0% used [0x0000000725e80000,0x0000000725e80000,0x000000072e780000)
 ParOldGen       total 196096K, used 64325K [0x0000000540000000, 0x000000054bf80000, 0x00000006eab00000)
  object space 196096K, 32% used [0x0000000540000000,0x0000000543ed1640,0x000000054bf80000)
 Metaspace       used 34725K, capacity 35288K, committed 35496K, reserved 1081344K
  class space    used 4156K, capacity 4348K, committed 4352K, reserved 1048576K
Event: 18.810 GC heap after
Heap after GC invocations=13 (full 2):
 PSYoungGen      total 710144K, used 0K [0x00000006eab00000, 0x000000072e780000, 0x00000007c0000000)
  eden space 574464K, 0% used [0x00000006eab00000,0x00000006eab00000,0x000000070dc00000)
  from space 135680K, 0% used [0x000000070dc00000,0x000000070dc00000,0x0000000716080000)
  to   space 140288K, 0% used [0x0000000725e80000,0x0000000725e80000,0x000000072e780000)
 ParOldGen       total 288768K, used 127456K [0x0000000540000000, 0x0000000551a00000, 0x00000006eab00000)
  object space 288768K, 44% used [0x0000000540000000,0x0000000547c78250,0x0000000551a00000)
 Metaspace       used 34725K, capacity 35288K, committed 35496K, reserved 1081344K
  class space    used 4156K, capacity 4348K, committed 4352K, reserved 1048576K
}
Event: 20.606 GC heap before
{Heap before GC invocations=14 (full 2):
 PSYoungGen      total 710144K, used 574464K [0x00000006eab00000, 0x000000072e780000, 0x00000007c0000000)
  eden space 574464K, 100% used [0x00000006eab00000,0x000000070dc00000,0x000000070dc00000)
  from space 135680K, 0% used [0x000000070dc00000,0x000000070dc00000,0x0000000716080000)
  to   space 140288K, 0% used [0x0000000725e80000,0x0000000725e80000,0x000000072e780000)
 ParOldGen       total 288768K, used 127456K [0x0000000540000000, 0x0000000551a00000, 0x00000006eab00000)
  object space 288768K, 44% used [0x0000000540000000,0x0000000547c78250,0x0000000551a00000)
 Metaspace       used 39547K, capacity 40098K, committed 40448K, reserved 1085440K
  class space    used 5183K, capacity 5373K, committed 5376K, reserved 1048576K
Event: 20.640 GC heap after
Heap after GC invocations=14 (full 2):
 PSYoungGen      total 931328K, used 12703K [0x00000006eab00000, 0x000000072d280000, 0x00000007c0000000)
  eden space 812544K, 0% used [0x00000006eab00000,0x00000006eab00000,0x000000071c480000)
  from space 118784K, 10% used [0x0000000725e80000,0x0000000726ae7f80,0x000000072d280000)
  to   space 138240K, 0% used [0x000000071c480000,0x000000071c480000,0x0000000724b80000)
 ParOldGen       total 288768K, used 127464K [0x0000000540000000, 0x0000000551a00000, 0x00000006eab00000)
  object space 288768K, 44% used [0x0000000540000000,0x0000000547c7a250,0x0000000551a00000)
 Metaspace       used 39547K, capacity 40098K, committed 40448K, reserved 1085440K
  class space    used 5183K, capacity 5373K, committed 5376K, reserved 1048576K
}

